-s initial_extruder_nr="0" 
-s day="Mon" 
-s time="09:14:56" 
-s print_bed_temperature="55.0" 
-s material_name="empty" 
-s mesh_position_y="0" 
-s wireframe_printspeed_bottom="5" 
-s small_feature_max_length="0.0" 
-s jerk_layer_0="20" 
-s wireframe_roof_fall_down="2" 
-s raft_base_jerk="20" 
-s skin_angles="[ ]" 
-s prime_tower_flow="100" 
-s support_tree_angle="40" 
-s support_angle="50" 
-s prime_tower_enable="False" 
-s ironing_inset="0.4025" 
-s skin_preshrink="0.8" 
-s support_roof_material_flow="100" 
-s ironing_line_spacing="0.1" 
-s wireframe_printspeed_flat="5" 
-s support_bottom_distance="0.1" 
-s acceleration_wall="2200" 
-s material_flow_dependent_temperature="False" 
-s support_bottom_stair_step_min_slope="10.0" 
-s machine_nozzle_cool_down_speed="2.0" 
-s top_skin_preshrink="0.8" 
-s roofing_pattern="lines" 
-s switch_extruder_extra_prime_amount="0" 
-s speed_support_bottom="53.333333333333336" 
-s wall_0_extruder_nr="-1" 
-s machine_steps_per_mm_z="400" 
-s magic_fuzzy_skin_thickness="0.3" 
-s acceleration_roofing="1800" 
-s retraction_hop_enabled="True" 
-s bridge_fan_speed_2="100.0" 
-s speed_support_infill="80.0" 
-s material_bed_temperature_layer_0="55.0" 
-s top_bottom_pattern_0="lines" 
-s infill_angles="[ ]" 
-s machine_max_feedrate_e="120" 
-s jerk_print_layer_0="20" 
-s travel_avoid_other_parts="False" 
-s machine_heated_build_volume="False" 
-s wall_overhang_angle="75" 
-s initial_layer_line_width_factor="100.0" 
-s raft_interface_acceleration="2200" 
-s speed_wall_x="40" 
-s optimize_wall_printing_order="True" 
-s material_end_of_filament_purge_speed="0.5" 
-s extruder_prime_pos_abs="False" 
-s bridge_skin_density="100" 
-s cool_min_layer_time="15" 
-s travel_compensate_overlapping_walls_enabled="True" 
-s layer_height="0.2" 
-s machine_extruder_count="1" 
-s line_width="0.45" 
-s top_bottom_thickness="0.8" 
-s top_bottom_pattern="lines" 
-s material_maximum_park_duration="300" 
-s infill_material_flow="100" 
-s machine_buildplate_type="glass" 
-s conical_overhang_hole_size="0" 
-s machine_extruders_share_heater="False" 
-s min_infill_area="5.0" 
-s machine_height="350" 
-s support_bottom_line_distance="0.4" 
-s machine_endstop_positive_direction_z="False" 
-s support_tree_collision_resolution="0.2" 
-s switch_extruder_prime_speed="20" 
-s retract_at_layer_change="False" 
-s speed_travel="300" 
-s material_break_speed="25" 
-s prime_tower_min_volume="6" 
-s wireframe_fall_down="0.5" 
-s skirt_brim_line_width="0.45" 
-s hole_xy_offset="0" 
-s prime_blob_enable="False" 
-s print_temperature="210" 
-s bridge_sparse_infill_max_density="0" 
-s raft_surface_line_width="0.4" 
-s gradual_support_infill_step_height="1" 
-s support_interface_height="1" 
-s expand_skins_expand_distance="0.8" 
-s material="0" 
-s initial_bottom_layers="4" 
-s cool_fan_full_at_height="0.8" 
-s machine_extruders_shared_nozzle_initial_retraction="0" 
-s wipe_pause="0" 
-s flow_rate_max_extrusion_offset="0" 
-s date="21-03-2022" 
-s machine_heat_zone_length="16" 
-s infill_offset_y="0" 
-s small_feature_speed_factor_0="50" 
-s wireframe_printspeed_down="5" 
-s support_join_distance="2.0" 
-s machine_name="VORON2 350" 
-s retraction_combing_max_distance="10" 
-s draft_shield_height_limitation="full" 
-s raft_surface_layers="2" 
-s support_extruder_nr="0" 
-s cool_fan_speed_min="100.0" 
-s machine_center_is_zero="False" 
-s bridge_fan_speed="100" 
-s ooze_shield_enabled="False" 
-s machine_max_jerk_e="60" 
-s bottom_layers="4" 
-s prime_tower_brim_enable="False" 
-s draft_shield_height="10" 
-s cool_fan_enabled="True" 
-s support_xy_distance="0.7" 
-s support_tree_branch_diameter_angle="5" 
-s support_offset="0" 
-s support_mesh_drop_down="True" 
-s machine_max_feedrate_y="299792458000" 
-s support_roof_enable="False" 
-s experimental="0" 
-s acceleration_support_infill="2200" 
-s infill_overlap_mm="0.0425" 
-s xy_offset="0" 
-s skin_monotonic="False" 
-s machine_nozzle_size="0.4" 
-s mold_angle="40" 
-s retraction_extra_prime_amount="0" 
-s retraction_extrusion_window="6.5" 
-s material_flow="100" 
-s support_tree_branch_distance="1" 
-s material_type="empty" 
-s support_extruder_nr_layer_0="0" 
-s infill_support_enabled="False" 
-s speed_ironing="13.333333333333334" 
-s machine_steps_per_mm_x="80" 
-s acceleration_support="2200" 
-s support_skip_zag_per_mm="20" 
-s skirt_brim_speed="10.0" 
-s support_type="everywhere" 
-s retraction_combing="noskin" 
-s jerk_infill="20" 
-s wall_min_flow_retract="False" 
-s bridge_wall_min_length="5" 
-s alternate_extra_perimeter="True" 
-s ooze_shield_angle="60" 
-s adaptive_layer_height_variation_step="0.01" 
-s machine_min_cool_heat_time_window="50.0" 
-s cool_min_speed="10" 
-s infill_mesh_order="0" 
-s wipe_hop_enable="True" 
-s machine_max_feedrate_x="299792458000" 
-s cool_fan_speed_max="100.0" 
-s support_interface_angles="[ ]" 
-s roofing_extruder_nr="-1" 
-s bridge_skin_density_2="75" 
-s skirt_brim_material_flow="100" 
-s retraction_retract_speed="80" 
-s raft_surface_speed="40.0" 
-s retraction_hop_only_when_collides="False" 
-s acceleration_wall_0="1800" 
-s cool_fan_speed_0="0" 
-s support_roof_line_width="0.4" 
-s jerk_travel_layer_0="30.0" 
-s machine_acceleration="1500" 
-s min_skin_width_for_expansion="4.898587196589413e-17" 
-s machine_gcode_flavor="RepRap (RepRap)" 
-s material_extrusion_cool_down_speed="0.7" 
-s material_no_load_move_factor="0.940860215" 
-s minimum_roof_area="1.0" 
-s z_seam_x="175.0" 
-s wireframe_straight_before_down="20" 
-s support_infill_angles="[ ]" 
-s material_break_preparation_temperature="210" 
-s jerk_support_infill="20" 
-s support_use_towers="True" 
-s smooth_spiralized_contours="True" 
-s wall_x_material_flow="100" 
-s support_interface_line_width="0.4" 
-s wall_line_width_0="0.4" 
-s raft_interface_speed="30.0" 
-s mold_roof_height="0.5" 
-s z_seam_relative="False" 
-s brim_line_count="20" 
-s skin_edge_support_thickness="0" 
-s skirt_line_count="4" 
-s machine_nozzle_temp_enabled="True" 
-s support_brim_line_count="20" 
-s layer_start_x="0.0" 
-s support_brim_enable="False" 
-s gradual_infill_steps="0" 
-s mold_enabled="False" 
-s bridge_skin_speed_3="10" 
-s wipe_retraction_amount="6.5" 
-s machine_steps_per_mm_e="1600" 
-s jerk_travel="30" 
-s roofing_layer_count="1" 
-s brim_gap="0" 
-s blackmagic="0" 
-s infill_sparse_density="20" 
-s retraction_enable="True" 
-s minimum_polygon_circumference="0.2" 
-s lightning_infill_support_angle="40" 
-s bridge_skin_support_threshold="50" 
-s material_bed_temp_prepend="True" 
-s support_conical_enabled="False" 
-s extruder_prime_pos_z="0" 
-s machine_nozzle_expansion_angle="45" 
-s jerk_support_bottom="20" 
-s conical_overhang_enabled="False" 
-s roofing_material_flow="100" 
-s zig_zaggify_infill="True" 
-s support_bottom_angles="[ ]" 
-s raft_base_line_width="0.8" 
-s material_initial_print_temperature="200" 
-s acceleration_layer_0="1800" 
-s skin_overlap="5" 
-s print_sequence="all_at_once" 
-s support_xy_distance_overhang="0.2" 
-s wireframe_strategy="compensate" 
-s speed_topbottom="20" 
-s bridge_skin_material_flow_3="110" 
-s raft_interface_thickness="0.30000000000000004" 
-s speed_prime_tower="60" 
-s mesh_position_z="0" 
-s speed_z_hop="10" 
-s raft_surface_jerk="20" 
-s support_infill_rate="15" 
-s speed_equalize_flow_enabled="False" 
-s raft_smoothing="5" 
-s wall_thickness="0.8" 
-s center_object="False" 
-s jerk_wall_0="10" 
-s coasting_volume="0.064" 
-s wall_x_extruder_nr="-1" 
-s raft_interface_fan_speed="0" 
-s fill_outline_gaps="True" 
-s wipe_retraction_prime_speed="80" 
-s support_material_flow="100" 
-s acceleration_infill="2200" 
-s speed_infill="60" 
-s acceleration_ironing="2200" 
-s jerk_support_interface="20" 
-s retraction_hop_after_extruder_switch="True" 
-s travel_speed="300" 
-s material_flush_purge_speed="0.5" 
-s cool_fan_full_layer="4" 
-s infill_enable_travel_optimization="True" 
-s ironing_enabled="False" 
-s adaptive_layer_height_enabled="False" 
-s material_break_temperature="50" 
-s draft_shield_enabled="False" 
-s support_bottom_offset="0.0" 
-s material_end_of_filament_purge_length="20" 
-s support_connect_zigzags="True" 
-s machine_depth="350" 
-s jerk_topbottom="20" 
-s material_break_preparation_retracted_position="-16" 
-s bottom_skin_preshrink="0.8" 
-s roofing_monotonic="False" 
-s material_id="empty_material" 
-s wireframe_up_half_speed="0.3" 
-s max_extrusion_before_wipe="10" 
-s travel="0" 
-s small_feature_speed_factor="50" 
-s speed_equalize_flow_max="150" 
-s support_infill_extruder_nr="0" 
-s infill_overlap="10" 
-s gradual_infill_step_height="1.5" 
-s material_bed_temp_wait="True" 
-s support_conical_min_width="5.0" 
-s wall_material_flow="100" 
-s raft_fan_speed="0" 
-s support_interface_pattern="concentric" 
-s jerk_enabled="False" 
-s wireframe_roof_drag_along="0.8" 
-s jerk_support_roof="20" 
-s support_mesh="False" 
-s travel_compensate_overlapping_walls_0_enabled="True" 
-s support_fan_enable="False" 
-s infill_sparse_thickness="0.2" 
-s retraction_amount="6.5" 
-s carve_multiple_volumes="False" 
-s fill_perimeter_gaps="nowhere" 
-s machine_max_acceleration_x="1500" 
-s jerk_wall="20" 
-s infill_offset_x="0" 
-s support_roof_density="100" 
-s material_standby_temperature="150" 
-s material_flow_layer_0="100" 
-s infill_wipe_dist="0.1" 
-s meshfix_maximum_deviation="0.025" 
-s ironing_pattern="zigzag" 
-s top_bottom="0" 
-s ironing_monotonic="False" 
-s top_skin_expand_distance="0.8" 
-s infill_randomize_start_location="False" 
-s speed_layer_0="15" 
-s layer_0_z_overlap="0.15" 
-s max_skin_angle_for_expansion="90" 
-s machine_nozzle_tip_outer_diameter="1" 
-s skin_no_small_gaps_heuristic="False" 
-s support_top_distance="0.1" 
-s wireframe_printspeed_up="5" 
-s wipe_hop_amount="0.2" 
-s support_roof_line_distance="0.4" 
-s brim_outside_only="True" 
-s raft_interface_line_spacing="1.0" 
-s infill="0" 
-s support_line_width="0.4" 
-s support_wall_count="0" 
-s material_anti_ooze_retracted_position="-4" 
-s support_roof_angles="[ ]" 
-s layer_height_0="0.2" 
-s support_enable="True" 
-s platform_adhesion="0" 
-s wall_line_width_x="0.4" 
-s filter_out_tiny_gaps="True" 
-s wireframe_top_delay="0" 
-s infill_mesh="False" 
-s raft_margin="15" 
-s jerk_ironing="20" 
-s default_material_bed_temperature="60" 
-s acceleration_support_interface="2200" 
-s lightning_infill_straightening_angle="40" 
-s support_supported_skin_fan_speed="100" 
-s machine_settings="0" 
-s acceleration_travel_layer_0="1800" 
-s machine_width="350" 
-s infill_multiplier="1" 
-s wall_line_count="2" 
-s coasting_enable="False" 
-s support_infill_sparse_thickness="0.2" 
-s acceleration_topbottom="2200" 
-s skin_outline_count="1" 
-s support_conical_angle="30" 
-s prime_tower_line_width="0.45" 
-s wall_min_flow="0" 
-s minimum_interface_area="1.0" 
-s infill_before_walls="False" 
-s material_break_preparation_speed="2" 
-s wireframe_flow="100" 
-s machine_always_write_active_tool="False" 
-s material_break_retracted_position="-50" 
-s raft_surface_line_spacing="0.4" 
-s support_pattern="zigzag" 
-s wireframe_flat_delay="0.1" 
-s magic_fuzzy_skin_enabled="False" 
-s support_bottom_stair_step_height="0.3" 
-s magic_spiralize="False" 
-s mold_width="5" 
-s acceleration_travel="5000" 
-s wall_line_width="0.4" 
-s support_interface_offset="0.0" 
-s z_seam_y="350" 
-s infill_support_angle="40" 
-s machine_firmware_retract="False" 
-s raft_surface_thickness="0.2" 
-s retraction_hop_after_extruder_switch_height="0.2" 
-s wipe_retraction_enable="True" 
-s magic_fuzzy_skin_point_dist="0.8" 
-s bottom_thickness="0.8" 
-s speed_wall="20" 
-s coasting_speed="90" 
-s retraction_count_max="90" 
-s wireframe_roof_inset="3" 
-s skin_material_flow="100" 
-s remove_empty_first_layers="True" 
-s wireframe_bottom_delay="0" 
-s gradual_support_infill_steps="0" 
-s machine_max_feedrate_z="40" 
-s adaptive_layer_height_variation="0.1" 
-s flow_rate_extrusion_offset_factor="100" 
-s wireframe_flow_connection="100" 
-s material_flush_purge_length="60" 
-s speed="0" 
-s z_seam_position="back" 
-s travel_compensate_overlapping_walls_x_enabled="True" 
-s support_bottom_material_flow="100" 
-s retraction_min_travel="0.9" 
-s magic_fuzzy_skin_outside_only="False" 
-s material_bed_temperature="55.0" 
-s travel_avoid_distance="0.625" 
-s material_print_temperature_layer_0="210" 
-s infill_pattern="grid" 
-s material_shrinkage_percentage="100.0" 
-s skin_line_width="0.45" 
-s wipe_move_distance="20" 
-s wireframe_nozzle_clearance="1" 
-s support_bottom_extruder_nr="0" 
-s speed_travel_layer_0="120" 
-s support_roof_height="1" 
-s ooze_shield_dist="2" 
-s wireframe_height="3" 
-s support_xy_overrides_z="z_overrides_xy" 
-s skirt_brim_minimal_length="550" 
-s speed_wall_0="20" 
-s meshfix="0" 
-s relative_extrusion="True" 
-s adhesion_extruder_nr="0" 
-s material_guid="" 
-s acceleration_print="2200" 
-s machine_max_acceleration_z="250" 
-s support_bottom_pattern="concentric" 
-s machine_nozzle_id="unknown" 
-s wipe_hop_speed="10" 
-s support_roof_extruder_nr="0" 
-s ironing_flow="10.0" 
-s support_initial_layer_line_distance="2.6666666666666665" 
-s skirt_gap="3" 
-s support_zag_skip_count="8" 
-s slicing_tolerance="middle" 
-s machine_steps_per_mm_y="80" 
-s cool_fan_speed="100.0" 
-s machine_minimum_feedrate="0.0" 
-s support_interface_material_flow="100" 
-s prime_tower_position_x="345.6" 
-s support_meshes_present="False" 
-s shell="0" 
-s travel_avoid_supports="False" 
-s speed_print="60" 
-s brim_replaces_support="True" 
-s infill_wall_line_count="0" 
-s bridge_wall_material_flow="50" 
-s raft_base_thickness="0.24" 
-s machine_end_gcode="print_end" 
-s zig_zaggify_support="False" 
-s material_adhesion_tendency="10" 
-s material_crystallinity="False" 
-s raft_base_line_spacing="1.6" 
-s z_seam_corner="z_seam_corner_inner" 
-s support_tree_branch_diameter="2" 
-s roofing_angles="[ ]" 
-s prime_tower_wipe_enabled="True" 
-s layer_start_y="0.0" 
-s machine_nozzle_head_distance="3" 
-s material_brand="" 
-s wireframe_roof_outer_delay="0.2" 
-s machine_show_variants="False" 
-s retraction_speed="80" 
-s meshfix_maximum_travel_resolution="0.05" 
-s infill_line_distance="4.5" 
-s connect_infill_polygons="False" 
-s bridge_skin_material_flow_2="100" 
-s machine_endstop_positive_direction_y="True" 
-s travel_retract_before_outer_wall="False" 
-s wall_0_wipe_dist="0.2" 
-s machine_extruders_share_nozzle="False" 
-s acceleration_print_layer_0="1800" 
-s limit_support_retractions="True" 
-s draft_shield_dist="10" 
-s conical_overhang_angle="50" 
-s speed_support_roof="53.333333333333336" 
-s material_print_temperature="210" 
-s support_line_distance="2.6666666666666665" 
-s machine_shape="rectangular" 
-s speed_print_layer_0="15" 
-s top_layers="4" 
-s prime_tower_size="20" 
-s jerk_wall_x="20" 
-s sub_div_rad_add="0.4" 
-s meshfix_union_all_remove_holes="False" 
-s bridge_wall_speed="10" 
-s xy_offset_layer_0="0" 
-s machine_max_jerk_z="1" 
-s acceleration_prime_tower="2200" 
-s multiple_mesh_overlap="0.15" 
-s machine_heated_bed="True" 
-s magic_fuzzy_skin_point_density="1.25" 
-s support_structure="normal" 
-s support_bottom_stair_step_width="5.0" 
-s resolution="0" 
-s prime_tower_position_y="323.6" 
-s mesh_rotation_matrix="[[1,0,0], [0,1,0], [0,0,1]]" 
-s raft_acceleration="2200" 
-s support_interface_density="100" 
-s machine_head_with_fans_polygon="[[-35, 65], [-35, -50], [35, -50], [35, 65]]" 
-s wall_extruder_nr="-1" 
-s clean_between_layers="False" 
-s switch_extruder_retraction_speed="20" 
-s build_volume_temperature="28" 
-s bottom_skin_expand_distance="0.8" 
-s anti_overhang_mesh="False" 
-s top_bottom_extruder_nr="-1" 
-s adhesion_type="skirt" 
-s wireframe_flow_flat="100" 
-s roofing_line_width="0.45" 
-s support_skip_some_zags="False" 
-s wipe_repeat_count="5" 
-s bridge_fan_speed_3="100.0" 
-s lightning_infill_prune_angle="40" 
-s speed_slowdown_layers="4" 
-s mesh_position_x="0" 
-s ironing_only_highest_layer="False" 
-s bridge_settings_enabled="True" 
-s bridge_skin_speed="10" 
-s wipe_brush_pos_x="100" 
-s raft_surface_acceleration="2200" 
-s jerk_roofing="10" 
-s material_surface_energy="100" 
-s raft_base_speed="30.0" 
-s material_anti_ooze_retraction_speed="5" 
-s meshfix_extensive_stitching="False" 
-s acceleration_skirt_brim="1800" 
-s raft_interface_line_width="0.8" 
-s raft_surface_fan_speed="0" 
-s switch_extruder_retraction_speeds="20" 
-s machine_disallowed_areas="[]" 
-s raft_base_fan_speed="0" 
-s small_hole_max_size="0" 
-s nozzle_disallowed_areas="[]" 
-s meshfix_maximum_resolution="0.01" 
-s extruder_prime_pos_y="0" 
-s extruders_enabled_count="1" 
-s material_final_print_temperature="195" 
-s raft_jerk="20" 
-s skin_overlap_mm="0.02125" 
-s infill_extruder_nr="-1" 
-s wireframe_enabled="False" 
-s material_diameter="2.85" 
-s cool_lift_head="False" 
-s gantry_height="30" 
-s support_interface_skip_height="0.3" 
-s material_print_temp_wait="True" 
-s support_bottom_height="1" 
-s support_tower_maximum_supported_diameter="3.0" 
-s machine_nozzle_heat_up_speed="2.0" 
-s wipe_retraction_extra_prime_amount="0" 
-s bridge_skin_density_3="80" 
-s dual="0" 
-s retraction_hop="0.2" 
-s infill_line_width="0.45" 
-s support_interface_extruder_nr="0" 
-s skin_edge_support_layers="0" 
-s support="0" 
-s cross_infill_pocket_size="4.5" 
-s speed_support="80.0" 
-s outer_inset_first="False" 
-s top_thickness="0.8" 
-s default_material_print_temperature="210" 
-s bridge_enable_more_layers="True" 
-s wall_0_material_flow="100" 
-s bridge_wall_coast="10" 
-s support_roof_offset="0.0" 
-s cross_infill_density_image="" 
-s machine_feeder_wheel_diameter="7.5" 
-s support_bottom_density="100" 
-s jerk_skirt_brim="20" 
-s raft_interface_jerk="20" 
-s speed_roofing="20" 
-s material_print_temp_prepend="True" 
-s material_flow_temp_graph="[[3.5,200],[7.0,240]]" 
-s wipe_retraction_retract_speed="80" 
-s connect_skin_polygons="False" 
-s support_z_distance="0.1" 
-s acceleration_support_roof="2200" 
-s acceleration_support_bottom="2200" 
-s command_line_settings="0" 
-s jerk_print="20" 
-s minimum_support_area="0.0" 
-s bridge_skin_material_flow="60" 
-s raft_airgap="0.3" 
-s brim_width="8.0" 
-s wireframe_top_jump="0.6" 
-s support_brim_width="8.0" 
-s support_interface_enable="False" 
-s support_tower_roof_angle="65" 
-s wall_0_inset="0" 
-s speed_support_interface="53.333333333333336" 
-s retraction_prime_speed="32" 
-s acceleration_enabled="False" 
-s z_seam_type="sharpest_corner" 
-s bridge_skin_speed_2="10" 
-s machine_max_acceleration_y="1500" 
-s switch_extruder_retraction_amount="16" 
-s cross_support_density_image="" 
-s meshfix_keep_open_polygons="False" 
-s minimum_bottom_area="1.0" 
-s cool_min_layer_time_fan_speed_max="20" 
-s magic_mesh_surface_mode="normal" 
-s coasting_min_volume="0.8" 
-s machine_max_jerk_xy="20" 
-s acceleration_wall_x="2200" 
-s support_bottom_enable="False" 
-s wireframe_printspeed="5" 
-s cutting_mesh="False" 
-s jerk_support="20" 
-s machine_use_extruder_offset_to_offset_coords="True" 
-s machine_endstop_positive_direction_x="True" 
-s machine_start_gcode="print_start" 
-s machine_max_acceleration_e="10000" 
-s lightning_infill_overhang_angle="40" 
-s support_bottom_line_width="0.4" 
-s raft_base_acceleration="2200" 
-s wall_overhang_speed_factor="50" 
-s meshfix_union_all="True" 
-s extruder_prime_pos_x="0" 
-s wipe_retraction_speed="80" 
-s support_tower_diameter="3.0" 
-s cooling="0" 
-s wireframe_drag_along="0.6" 
-s jerk_prime_tower="20" 
-s adaptive_layer_height_threshold="0.2" 
-s raft_speed="40.0" 
-s support_roof_pattern="concentric" 
-s alternate_carve_order="True" -e0 
-s mesh_position_y="0" 
-s small_feature_max_length="0.0" 
-s jerk_layer_0="20" 
-s raft_base_jerk="20" 
-s skin_angles="[ ]" 
-s prime_tower_flow="100" 
-s support_tree_angle="40" 
-s support_angle="50" 
-s ironing_inset="0.38" 
-s skin_preshrink="1.2000000000000002" 
-s support_roof_material_flow="100" 
-s ironing_line_spacing="0.1" 
-s machine_extruder_start_pos_abs="False" 
-s cool_fan_speed_max="100.0" 
-s support_interface_angles="[ ]" 
-s support_bottom_distance="0.1" 
-s acceleration_wall="2200" 
-s material_flow_dependent_temperature="False" 
-s support_bottom_stair_step_min_slope="10.0" 
-s machine_min_cool_heat_time_window="50.0" 
-s cool_min_speed="10" 
-s machine_nozzle_cool_down_speed="2.0" 
-s top_skin_preshrink="1.2000000000000002" 
-s roofing_pattern="lines" 
-s switch_extruder_extra_prime_amount="0" 
-s speed_support_bottom="53.333333333333336" 
-s machine_steps_per_mm_z="400" 
-s magic_fuzzy_skin_thickness="0.3" 
-s acceleration_roofing="1800" 
-s retraction_hop_enabled="True" 
-s top_bottom_pattern_0="lines" 
-s infill_angles="[ ]" 
-s bridge_fan_speed_2="0" 
-s speed_support_infill="80.0" 
-s jerk_print_layer_0="20" 
-s extruder_prime_pos_y="0" 
-s travel_avoid_other_parts="False" 
-s wall_overhang_angle="75" 
-s initial_layer_line_width_factor="100.0" 
-s raft_interface_acceleration="2200" 
-s speed_wall_x="53" 
-s optimize_wall_printing_order="True" 
-s material_end_of_filament_purge_speed="0.5" 
-s extruder_prime_pos_abs="False" 
-s bridge_skin_density="100" 
-s cool_min_layer_time="15" 
-s travel_compensate_overlapping_walls_enabled="True" 
-s line_width="0.4" 
-s top_bottom_thickness="0.8" 
-s top_bottom_pattern="lines" 
-s material_maximum_park_duration="300" 
-s support_bottom_stair_step_height="0.3" 
-s infill_material_flow="100" 
-s conical_overhang_hole_size="0" 
-s min_infill_area="5.0" 
-s support_bottom_line_distance="0.4" 
-s machine_endstop_positive_direction_z="False" 
-s support_tree_collision_resolution="0.2" 
-s switch_extruder_prime_speed="20" 
-s retract_at_layer_change="False" 
-s speed_travel="300" 
-s material_break_speed="25" 
-s prime_tower_min_volume="6" 
-s skirt_brim_line_width="0.4" 
-s hole_xy_offset="0" 
-s bottom_layers="3" 
-s prime_blob_enable="False" 
-s bridge_sparse_infill_max_density="0" 
-s raft_surface_line_width="0.4" 
-s gradual_support_infill_step_height="1" 
-s support_interface_height="1" 
-s mesh_position_x="0" 
-s ironing_only_highest_layer="False" 
-s expand_skins_expand_distance="1.2000000000000002" 
-s material="0" 
-s acceleration_print="2200" 
-s initial_bottom_layers="3" 
-s cool_fan_full_at_height="0.8" 
-s machine_extruders_shared_nozzle_initial_retraction="0" 
-s wipe_pause="0" 
-s machine_heat_zone_length="16" 
-s infill_offset_y="0" 
-s small_feature_speed_factor_0="50" 
-s machine_extruder_end_code="" 
-s support_join_distance="2.0" 
-s retraction_combing_max_distance="10" 
-s raft_surface_layers="2" 
-s skin_overlap_mm="0.02" 
-s material_final_print_temperature="190.0" 
-s raft_jerk="20" 
-s raft_surface_fan_speed="0" 
-s material_initial_print_temperature="190.0" 
-s material_surface_energy="100" 
-s raft_base_speed="30.0" 
-s fill_outline_gaps="True" 
-s raft_interface_fan_speed="0" 
-s acceleration_ironing="2200" 
-s speed_infill="80.0" 
-s support_infill_rate="15" 
-s speed_z_hop="10" 
-s raft_surface_jerk="20" 
-s speed_equalize_flow_enabled="False" 
-s switch_extruder_retraction_speed="20" 
-s bottom_skin_expand_distance="1.2000000000000002" 
-s sub_div_rad_add="0.4" 
-s clean_between_layers="False" 
-s jerk_support_infill="20" 
-s support_use_towers="True" 
-s mold_roof_height="0.5" 
-s support_offset="0" 
-s z_seam_relative="False" 
-s skirt_line_count="4" 
-s machine_nozzle_temp_enabled="True" 
-s support_brim_line_count="20" 
-s machine_steps_per_mm_y="80" 
-s cool_fan_speed="100.0" 
-s wipe_retraction_amount="6.5" 
-s layer_start_x="0.0" 
-s support_brim_enable="False" 
-s gradual_infill_steps="0" 
-s mold_enabled="False" 
-s bridge_skin_speed_3="13.5" 
-s machine_extruder_start_pos_y="0" 
-s machine_steps_per_mm_e="1600" 
-s top_layers="3" 
-s roofing_layer_count="1" 
-s speed_equalize_flow_max="150" 
-s brim_gap="0" 
-s blackmagic="0" 
-s meshfix_extensive_stitching="False" 
-s acceleration_skirt_brim="1800" 
-s raft_interface_line_width="0.8" 
-s infill_multiplier="1" 
-s machine_settings="0" 
-s lightning_infill_support_angle="40" 
-s material_end_of_filament_purge_length="20" 
-s support_connect_zigzags="True" 
-s support_bottom_offset="0.0" 
-s support_conical_enabled="False" 
-s support_tree_branch_distance="1" 
-s cool_fan_speed_min="100.0" 
-s jerk_support_bottom="20" 
-s conical_overhang_enabled="False" 
-s max_extrusion_before_wipe="10" 
-s travel="0" 
-s small_feature_speed_factor="50" 
-s roofing_material_flow="100" 
-s infill_line_width="0.4" 
-s zig_zaggify_infill="True" 
-s ironing_flow="10.0" 
-s support_initial_layer_line_distance="2.6666666666666665" 
-s support_bottom_angles="[ ]" 
-s raft_base_line_width="0.8" 
-s infill_support_angle="40" 
-s acceleration_layer_0="1800" 
-s skin_overlap="5" 
-s support_xy_distance_overhang="0.2" 
-s bridge_skin_material_flow_3="110" 
-s raft_interface_thickness="0.30000000000000004" 
-s speed_prime_tower="80.0" 
-s mesh_position_z="0" 
-s raft_smoothing="5" 
-s wall_thickness="0.8" 
-s raft_margin="15" 
-s jerk_ironing="20" 
-s extruder_nr="0" 
-s ironing_pattern="zigzag" 
-s top_skin_expand_distance="1.2000000000000002" 
-s infill_randomize_start_location="False" 
-s speed_layer_0="10.0" 
-s layer_0_z_overlap="0.15" 
-s wipe_retraction_enable="True" 
-s magic_fuzzy_skin_point_dist="0.8" 
-s jerk_wall_x="20" 
-s bottom_thickness="0.8" 
-s speed_wall="27" 
-s coasting_speed="90" 
-s retraction_count_max="90" 
-s skin_material_flow="100" 
-s center_object="False" 
-s jerk_wall_0="10" 
-s jerk_travel="30" 
-s machine_extruder_cooling_fan_number="0" 
-s infill_support_enabled="False" 
-s support_bottom_pattern="concentric" 
-s machine_nozzle_id="unknown" 
-s wipe_hop_speed="10" 
-s lightning_infill_prune_angle="40" 
-s speed_travel_layer_0="120" 
-s minimum_roof_area="1.0" 
-s support_roof_height="1" 
-s gradual_support_infill_steps="0" 
-s meshfix_maximum_resolution="0.01" 
-s ironing_enabled="False" 
-s cool_fan_full_layer="4" 
-s infill_enable_travel_optimization="True" 
-s retraction_hop_after_extruder_switch_height="0.2" 
-s machine_extruder_start_code="" 
-s z_seam_y="350" 
-s raft_surface_thickness="0.2" 
-s jerk_support_roof="20" 
-s travel_compensate_overlapping_walls_0_enabled="True" 
-s support_fan_enable="False" 
-s infill_sparse_thickness="0.2" 
-s experimental="0" 
-s retraction_amount="6.5" 
-s fill_perimeter_gaps="everywhere" 
-s travel_avoid_distance="0.625" 
-s material_print_temperature_layer_0="190.0" 
-s support_top_distance="0.1" 
-s support_roof_line_distance="0.4" 
-s brim_outside_only="True" 
-s support_line_width="0.4" 
-s support_wall_count="0" 
-s platform_adhesion="0" 
-s wall_line_width_x="0.4" 
-s jerk_support_interface="20" 
-s retraction_hop_after_extruder_switch="True" 
-s material_flush_purge_speed="0.5" 
-s wipe_hop_amount="0.2" 
-s infill_pattern="gyroid" 
-s skin_line_width="0.4" 
-s wipe_move_distance="20" 
-s roofing_line_width="0.4" 
-s minimum_interface_area="1.0" 
-s infill_before_walls="False" 
-s bridge_skin_support_threshold="50" 
-s support_pattern="zigzag" 
-s multiple_mesh_overlap="0.15" 
-s acceleration_prime_tower="2200" 
-s magic_fuzzy_skin_enabled="False" 
-s z_seam_x="175.0" 
-s material_anti_ooze_retracted_position="-4" 
-s support_roof_angles="[ ]" 
-s jerk_wall="20" 
-s infill_offset_x="0" 
-s support_roof_density="100" 
-s material_standby_temperature="175" 
-s material_flow_layer_0="100" 
-s infill_wipe_dist="0.1" 
-s meshfix_maximum_deviation="0.025" 
-s mold_width="5" 
-s acceleration_infill="2200" 
-s support_xy_overrides_z="z_overrides_xy" 
-s skirt_brim_minimal_length="550" 
-s material_break_preparation_temperature="190.0" 
-s support_infill_angles="[ ]" 
-s wall_line_count="3" 
-s coasting_enable="False" 
-s support_infill_sparse_thickness="0.2" 
-s acceleration_topbottom="2200" 
-s skin_outline_count="1" 
-s support_conical_angle="30" 
-s prime_tower_line_width="0.4" 
-s wall_min_flow="0" 
-s acceleration_support="2200" 
-s xy_offset="0" 
-s infill_overlap="10" 
-s bridge_skin_density_2="75" 
-s machine_extruder_end_pos_abs="False" 
-s jerk_infill="20" 
-s wall_min_flow_retract="False" 
-s mold_angle="40" 
-s raft_interface_line_spacing="1.0" 
-s infill="0" 
-s wall_x_material_flow="100" 
-s support_interface_line_width="0.4" 
-s wall_line_width_0="0.4" 
-s raft_interface_speed="30.0" 
-s infill_wall_line_count="0" 
-s conical_overhang_angle="50" 
-s material_print_temperature="190.0" 
-s speed_support_roof="53.333333333333336" 
-s bridge_wall_material_flow="50" 
-s support_interface_offset="0.0" 
-s acceleration_travel="5000" 
-s wall_line_width="0.4" 
-s support_tree_branch_diameter_angle="5" 
-s travel_compensate_overlapping_walls_x_enabled="True" 
-s support_bottom_material_flow="100" 
-s retraction_min_travel="0.8" 
-s magic_fuzzy_skin_outside_only="False" 
-s acceleration_support_interface="2200" 
-s raft_base_fan_speed="0" 
-s switch_extruder_retraction_speeds="20" 
-s lightning_infill_straightening_angle="40" 
-s support_supported_skin_fan_speed="100" 
-s slicing_tolerance="middle" 
-s skirt_gap="3" 
-s support_zag_skip_count="8" 
-s speed_print="80.0" 
-s brim_replaces_support="True" 
-s z_seam_position="back" 
-s speed="0" 
-s raft_base_thickness="0.24" 
-s zig_zaggify_support="False" 
-s material_adhesion_tendency="0" 
-s material_crystallinity="False" 
-s raft_base_line_spacing="1.6" 
-s z_seam_corner="z_seam_corner_inner" 
-s support_tree_branch_diameter="2" 
-s roofing_angles="[ ]" 
-s max_skin_angle_for_expansion="90" 
-s machine_nozzle_tip_outer_diameter="1" 
-s skin_no_small_gaps_heuristic="False" 
-s support_interface_material_flow="100" 
-s shell="0" 
-s travel_avoid_supports="False" 
-s machine_nozzle_head_distance="3" 
-s material_anti_ooze_retraction_speed="5" 
-s retraction_speed="80" 
-s meshfix_maximum_travel_resolution="0.0375" 
-s infill_line_distance="0.5714285714285714" 
-s connect_infill_polygons="False" 
-s resolution="0" 
-s small_hole_max_size="0" 
-s speed_print_layer_0="10.0" 
-s support_line_distance="2.6666666666666665" 
-s material_break_preparation_retracted_position="-16" 
-s bottom_skin_preshrink="1.2000000000000002" 
-s roofing_monotonic="False" 
-s material_break_temperature="50" 
-s wall_material_flow="100" 
-s raft_fan_speed="0" 
-s support_interface_pattern="concentric" 
-s wall_0_wipe_dist="0.2" 
-s skin_monotonic="False" 
-s jerk_topbottom="20" 
-s acceleration_travel_layer_0="1800" 
-s meshfix_union_all_remove_holes="False" 
-s xy_offset_layer_0="0" 
-s bridge_wall_speed="13.5" 
-s material_guid="0ff92885-617b-4144-a03c-9989872454bc" 
-s cool_lift_head="False" 
-s support_skip_some_zags="False" 
-s bridge_fan_speed_3="0" 
-s wipe_repeat_count="5" 
-s support_interface_skip_height="0.3" 
-s support_bottom_height="1" 
-s retraction_retract_speed="80" 
-s material_diameter="1.75" 
-s support_tower_maximum_supported_diameter="3.0" 
-s machine_nozzle_heat_up_speed="2.0" 
-s wipe_hop_enable="True" 
-s wipe_retraction_extra_prime_amount="0" 
-s bridge_skin_density_3="80" 
-s mesh_rotation_matrix="[[1,0,0], [0,1,0], [0,0,1]]" 
-s machine_nozzle_offset_x="0" 
-s raft_acceleration="2200" 
-s support_interface_density="100" 
-s support_conical_min_width="5.0" 
-s gradual_infill_step_height="1.5" 
-s skin_edge_support_layers="0" 
-s support="0" 
-s machine_nozzle_offset_y="0" 
-s material_flush_purge_length="60" 
-s cross_infill_pocket_size="0.5714285714285714" 
-s speed_support="80.0" 
-s material_break_preparation_speed="2" 
-s outer_inset_first="False" 
-s top_thickness="0.8" 
-s default_material_print_temperature="200" 
-s prime_tower_wipe_enabled="True" 
-s layer_start_y="0.0" 
-s bridge_enable_more_layers="True" 
-s limit_support_retractions="True" 
-s acceleration_print_layer_0="1800" 
-s wall_0_material_flow="100" 
-s bridge_wall_coast="10" 
-s support_roof_offset="0.0" 
-s cross_infill_density_image="" 
-s machine_feeder_wheel_diameter="7.5" 
-s support_bottom_density="100" 
-s jerk_skirt_brim="20" 
-s material_break_retracted_position="-50" 
-s raft_surface_line_spacing="0.4" 
-s raft_interface_jerk="20" 
-s speed_roofing="27" 
-s jerk_travel_layer_0="30.0" 
-s material_flow_temp_graph="[[3.5,200],[7.0,240]]" 
-s min_skin_width_for_expansion="3.67394039744206e-17" 
-s wipe_retraction_retract_speed="80" 
-s connect_skin_polygons="False" 
-s support_z_distance="0.1" 
-s acceleration_support_roof="2200" 
-s command_line_settings="0" 
-s acceleration_support_bottom="2200" 
-s jerk_print="20" 
-s minimum_support_area="0.0" 
-s bridge_skin_material_flow="60" 
-s raft_airgap="0.3" 
-s filter_out_tiny_gaps="True" 
-s brim_width="8.0" 
-s support_brim_width="8.0" 
-s support_interface_enable="False" 
-s support_tower_roof_angle="65" 
-s wall_0_inset="0" 
-s speed_support_interface="53.333333333333336" 
-s retraction_prime_speed="32" 
-s z_seam_type="sharpest_corner" 
-s bridge_skin_speed_2="13.5" 
-s switch_extruder_retraction_amount="16" 
-s cross_support_density_image="" 
-s meshfix_keep_open_polygons="False" 
-s minimum_bottom_area="1.0" 
-s cool_min_layer_time_fan_speed_max="100.0" 
-s magic_mesh_surface_mode="normal" 
-s coasting_min_volume="0.8" 
-s acceleration_wall_x="2200" 
-s support_bottom_enable="False" 
-s retraction_enable="True" 
-s infill_sparse_density="70" 
-s jerk_support="20" 
-s machine_endstop_positive_direction_x="True" 
-s speed_topbottom="27" 
-s lightning_infill_overhang_angle="40" 
-s support_bottom_line_width="0.4" 
-s machine_extruder_end_pos_x="0" 
-s skirt_brim_material_flow="100" 
-s support_tower_diameter="3.0" 
-s cooling="0" 
-s jerk_prime_tower="20" 
-s machine_extruder_end_pos_y="0" 
-s raft_speed="40.0" 
-s support_roof_pattern="concentric" 
-s material_no_load_move_factor="0.940860215" 
-s speed_ironing="18.0" 
-s ironing_monotonic="False" 
-s top_bottom="0" 
-s material_extrusion_cool_down_speed="0.7" 
-s retraction_hop="0.2" 
-s dual="0" 
-s alternate_extra_perimeter="True" 
-s support_roof_line_width="0.4" 
-s cool_fan_speed_0="0" 
-s support_material_flow="100" 
-s wipe_retraction_prime_speed="80" 
-s acceleration_wall_0="1800" 
-s machine_steps_per_mm_x="80" 
-s wall_overhang_speed_factor="50" 
-s raft_base_acceleration="2200" 
-s retraction_hop_only_when_collides="False" 
-s raft_surface_speed="40.0" 
-s machine_extruder_start_pos_x="0" 
-s extruder_prime_pos_z="0" 
-s machine_endstop_positive_direction_y="True" 
-s bridge_skin_material_flow_2="100" 
-s support_bottom_stair_step_width="5.0" 
-s magic_fuzzy_skin_point_density="1.25" 
-s skirt_brim_speed="10.0" 
-s skin_edge_support_thickness="0" 
-s brim_line_count="20" 
-s machine_nozzle_size="0.4" 
-s support_skip_zag_per_mm="20" 
-s meshfix="0" 
-s speed_wall_0="27" 
-s meshfix_union_all="True" 
-s wipe_retraction_speed="80" 
-s extruder_prime_pos_x="0" 
-s bridge_skin_speed="13.5" 
-s jerk_roofing="10" 
-s raft_surface_acceleration="2200" 
-s wipe_brush_pos_x="100" 
-s coasting_volume="0.064" 
-s retraction_extrusion_window="6.5" 
-s material_flow="100" 
-s retraction_extra_prime_amount="0" 
-s infill_overlap_mm="0.04" 
-s acceleration_support_infill="2200" 
-s support_roof_enable="False" 
-s cool_fan_enabled="True" 
-s support_xy_distance="0.7" 
-s bridge_fan_speed="100" -g -e0 -l "0" 
-s extruder_nr="0"
